wrong number of arguments (1 for 0)

011_DownloaderModule.rb:64:in `update'
011_DownloaderModule.rb:64:in `toString'
011_DownloaderModule.rb:63:in `loop'
011_DownloaderModule.rb:63:in `toString'
026_PScreen_MysteryGift.rb:265:in `pbDownloadMysteryGift'
013_PScreen_Load.rb:481:in `pbStartLoadScreen'
002_MessageConfig.rb:566:in `pbFadeOutIn'
013_PScreen_Load.rb:480:in `pbStartLoadScreen'
013_PScreen_Load.rb:333:in `loop'
013_PScreen_Load.rb:333:in `pbStartLoadScreen'
010_1_Scene Intro.rb:70:in `closeTitle'
010_1_Scene Intro.rb:56:in `update'
010_1_Scene Intro.rb:32:in `main'
999_Main.rb:50:in `mainFunctionDebug'
999_Main.rb:30:in `mainFunction'
999_Main.rb:60:in `load_scripts_from_folder'
999_Main.rb:59:in `loop'
999_Main.rb:59:in `load_scripts_from_folder'
000:Main:28:in `eval'
000:Main:31:in `load_scripts_from_folder'
000:Main:28:in `each'
000:Main:28:in `load_scripts_from_folder'
000:Main:41:in `load_scripts_from_folder'
000:Main:40:in `each'
000:Main:40:in `load_scripts_from_folder'
000:Main:45